<?xml version="1.0" encoding="UTF-8"?>
<!-- Generated by org.testng.reporters.JUnitReportReporter -->
<testsuite skipped="0" hostname="User-PC" name="com.orangehrm.test.Ktest" tests="2" failures="0" timestamp="17 Oct 2019 08:57:32 GMT" time="0.021" errors="0">
  <testcase name="b" time="0.002" classname="com.orangehrm.test.Ktest"/>
  <testcase name="a" time="0.019" classname="com.orangehrm.test.Ktest"/>
</testsuite> <!-- com.orangehrm.test.Ktest -->
