<?xml version="1.0" encoding="UTF-8"?>
<!-- Generated by org.testng.reporters.JUnitReportReporter -->
<testsuite skipped="0" hostname="User-PC" name="com.orangehrm.test.AdminPageTest" tests="1" failures="0" timestamp="20 Oct 2019 08:25:56 GMT" time="22.047" errors="0">
  <testcase name="verifyWebTables" time="22.047" classname="com.orangehrm.test.AdminPageTest"/>
</testsuite> <!-- com.orangehrm.test.AdminPageTest -->
