<?xml version="1.0" encoding="UTF-8"?>
<!-- Generated by org.testng.reporters.JUnitReportReporter -->
<testsuite skipped="0" hostname="User-PC" name="com.orangehrm.test.LoginTest" tests="1" failures="0" timestamp="22 Oct 2019 07:41:21 GMT" time="12.585" errors="0">
  <testcase name="verifyFieldsLength" time="12.585" classname="com.orangehrm.test.LoginTest"/>
</testsuite> <!-- com.orangehrm.test.LoginTest -->
