<?xml version="1.0" encoding="UTF-8"?>
<!-- Generated by org.testng.reporters.JUnitReportReporter -->
<testsuite skipped="0" hostname="User-PC" name="com.orangehrm.test.LoginTest" tests="1" failures="0" timestamp="17 Oct 2019 11:51:49 GMT" time="26.625" errors="0">
  <testcase name="verifySocialMedialink" time="26.625" classname="com.orangehrm.test.LoginTest"/>
</testsuite> <!-- com.orangehrm.test.LoginTest -->
