<?xml version="1.0" encoding="UTF-8"?>
<!-- Generated by org.testng.reporters.JUnitReportReporter -->
<testsuite skipped="0" hostname="User-PC" name="com.orangehrm.test.LoginTest" tests="6" failures="0" timestamp="18 Oct 2019 06:25:50 GMT" time="126.642" errors="0">
  <testcase name="verifyLoginSuccessfull" time="41.762" classname="com.orangehrm.test.LoginTest"/>
  <testcase name="verifyLoginInvalidData" time="10.228" classname="com.orangehrm.test.LoginTest"/>
  <testcase name="verifyLoginInvalidData" time="10.932" classname="com.orangehrm.test.LoginTest"/>
  <testcase name="verifyLoginInvalidData" time="10.737" classname="com.orangehrm.test.LoginTest"/>
  <testcase name="verifySocialMedialink" time="42.306" classname="com.orangehrm.test.LoginTest"/>
  <testcase name="verifyBrokenLinks" time="10.677" classname="com.orangehrm.test.LoginTest"/>
</testsuite> <!-- com.orangehrm.test.LoginTest -->
