<?xml version="1.0" encoding="UTF-8"?>
<!-- Generated by org.testng.reporters.JUnitReportReporter -->
<testsuite skipped="0" hostname="User-PC" name="com.orangehrm.test.LeaveListTest" tests="1" failures="0" timestamp="17 Oct 2019 08:52:24 GMT" time="41.303" errors="0">
  <testcase name="verifyLeaveListSearchc" time="41.303" classname="com.orangehrm.test.LeaveListTest"/>
</testsuite> <!-- com.orangehrm.test.LeaveListTest -->
