<?xml version="1.0" encoding="UTF-8"?>
<!-- Generated by org.testng.reporters.JUnitReportReporter -->
<testsuite skipped="0" hostname="User-PC" name="com.orangehrm.test.AddUserTest" tests="1" failures="0" timestamp="17 Oct 2019 08:52:24 GMT" time="23.538" errors="0">
  <testcase name="addUser" time="23.538" classname="com.orangehrm.test.AddUserTest"/>
</testsuite> <!-- com.orangehrm.test.AddUserTest -->
